{"/home/bax/Code/projects/codetitlan/codetitlan-blog/server.js":{"path":"/home/bax/Code/projects/codetitlan/codetitlan-blog/server.js","s":{"1":1,"2":1,"3":1,"4":1,"5":1,"6":1,"7":1,"8":1,"9":0,"10":1,"11":1,"12":1,"13":1},"b":{"1":[1,0],"2":[0,1]},"f":{"1":1,"2":1},"fnMap":{"1":{"name":"(anonymous_1)","line":38,"loc":{"start":{"line":38,"column":18},"end":{"line":38,"column":29}}},"2":{"name":"(anonymous_2)","line":39,"loc":{"start":{"line":39,"column":41},"end":{"line":39,"column":53}}}},"statementMap":{"1":{"start":{"line":9,"column":0},"end":{"line":9,"column":35}},"2":{"start":{"line":13,"column":0},"end":{"line":13,"column":61}},"3":{"start":{"line":17,"column":0},"end":{"line":17,"column":47}},"4":{"start":{"line":21,"column":0},"end":{"line":21,"column":57}},"5":{"start":{"line":22,"column":0},"end":{"line":22,"column":31}},"6":{"start":{"line":23,"column":0},"end":{"line":23,"column":76}},"7":{"start":{"line":27,"column":0},"end":{"line":27,"column":49}},"8":{"start":{"line":32,"column":0},"end":{"line":34,"column":1}},"9":{"start":{"line":33,"column":2},"end":{"line":33,"column":30}},"10":{"start":{"line":38,"column":0},"end":{"line":47,"column":3}},"11":{"start":{"line":39,"column":2},"end":{"line":46,"column":5}},"12":{"start":{"line":40,"column":4},"end":{"line":45,"column":6}},"13":{"start":{"line":51,"column":0},"end":{"line":51,"column":31}}},"branchMap":{"1":{"line":13,"type":"binary-expr","locations":[{"start":{"line":13,"column":23},"end":{"line":13,"column":43}},{"start":{"line":13,"column":47},"end":{"line":13,"column":60}}]},"2":{"line":32,"type":"if","locations":[{"start":{"line":32,"column":0},"end":{"line":32,"column":0}},{"start":{"line":32,"column":0},"end":{"line":32,"column":0}}]}}},"/home/bax/Code/projects/codetitlan/codetitlan-blog/server/config/config.js":{"path":"/home/bax/Code/projects/codetitlan/codetitlan-blog/server/config/config.js","s":{"1":1,"2":1},"b":{"1":[1,0]},"f":{},"fnMap":{},"statementMap":{"1":{"start":{"line":11,"column":0},"end":{"line":11,"column":26}},"2":{"start":{"line":17,"column":0},"end":{"line":20,"column":2}}},"branchMap":{"1":{"line":19,"type":"binary-expr","locations":[{"start":{"line":19,"column":4},"end":{"line":19,"column":66}},{"start":{"line":19,"column":70},"end":{"line":19,"column":72}}]}}},"/home/bax/Code/projects/codetitlan/codetitlan-blog/server/config/env/all.js":{"path":"/home/bax/Code/projects/codetitlan/codetitlan-blog/server/config/env/all.js","s":{"1":1},"b":{},"f":{},"fnMap":{},"statementMap":{"1":{"start":{"line":11,"column":0},"end":{"line":38,"column":2}}},"branchMap":{}},"/home/bax/Code/projects/codetitlan/codetitlan-blog/server/config/env/test.js":{"path":"/home/bax/Code/projects/codetitlan/codetitlan-blog/server/config/env/test.js","s":{"1":1},"b":{"1":[1,1],"2":[1,1],"3":[1,1]},"f":{},"fnMap":{},"statementMap":{"1":{"start":{"line":6,"column":0},"end":{"line":18,"column":2}}},"branchMap":{"1":{"line":12,"type":"binary-expr","locations":[{"start":{"line":12,"column":12},"end":{"line":12,"column":32}},{"start":{"line":12,"column":36},"end":{"line":12,"column":47}}]},"2":{"line":13,"type":"binary-expr","locations":[{"start":{"line":13,"column":10},"end":{"line":13,"column":24}},{"start":{"line":13,"column":28},"end":{"line":13,"column":37}}]},"3":{"line":14,"type":"binary-expr","locations":[{"start":{"line":14,"column":8},"end":{"line":14,"column":24}},{"start":{"line":14,"column":28},"end":{"line":14,"column":39}}]}}},"/home/bax/Code/projects/codetitlan/codetitlan-blog/server/config/bootstrap.js":{"path":"/home/bax/Code/projects/codetitlan/codetitlan-blog/server/config/bootstrap.js","s":{"1":1,"2":1,"3":1,"4":1,"5":1,"6":1,"7":1,"8":1,"9":1,"10":1},"b":{},"f":{"1":1,"2":1,"3":1},"fnMap":{"1":{"name":"(anonymous_1)","line":14,"loc":{"start":{"line":14,"column":17},"end":{"line":14,"column":28}}},"2":{"name":"bootstrapModels","line":18,"loc":{"start":{"line":18,"column":2},"end":{"line":18,"column":28}}},"3":{"name":"(anonymous_3)","line":19,"loc":{"start":{"line":19,"column":55},"end":{"line":19,"column":70}}}},"statementMap":{"1":{"start":{"line":9,"column":0},"end":{"line":12,"column":34}},"2":{"start":{"line":14,"column":0},"end":{"line":39,"column":2}},"3":{"start":{"line":18,"column":2},"end":{"line":22,"column":3}},"4":{"start":{"line":19,"column":4},"end":{"line":21,"column":7}},"5":{"start":{"line":20,"column":8},"end":{"line":20,"column":22}},"6":{"start":{"line":24,"column":2},"end":{"line":24,"column":20}},"7":{"start":{"line":28,"column":2},"end":{"line":28,"column":61}},"8":{"start":{"line":32,"column":2},"end":{"line":32,"column":22}},"9":{"start":{"line":33,"column":2},"end":{"line":33,"column":65}},"10":{"start":{"line":37,"column":2},"end":{"line":37,"column":13}}},"branchMap":{}},"/home/bax/Code/projects/codetitlan/codetitlan-blog/server/config/utils.js":{"path":"/home/bax/Code/projects/codetitlan/codetitlan-blog/server/config/utils.js","s":{"1":1,"2":1,"3":4,"4":4,"5":4,"6":0,"7":4,"8":15,"9":15,"10":15,"11":4,"12":11,"13":2},"b":{"1":[0,4],"2":[4,11],"3":[15,4,4,4],"4":[2,9],"5":[11,11,10]},"f":{"1":4,"2":15},"fnMap":{"1":{"name":"(anonymous_1)","line":14,"loc":{"start":{"line":14,"column":15},"end":{"line":14,"column":59}}},"2":{"name":"(anonymous_2)","line":18,"loc":{"start":{"line":18,"column":32},"end":{"line":18,"column":47}}}},"statementMap":{"1":{"start":{"line":9,"column":0},"end":{"line":10,"column":23}},"2":{"start":{"line":14,"column":0},"end":{"line":28,"column":2}},"3":{"start":{"line":15,"column":2},"end":{"line":15,"column":18}},"4":{"start":{"line":16,"column":2},"end":{"line":16,"column":66}},"5":{"start":{"line":17,"column":2},"end":{"line":17,"column":40}},"6":{"start":{"line":17,"column":31},"end":{"line":17,"column":38}},"7":{"start":{"line":18,"column":2},"end":{"line":27,"column":5}},"8":{"start":{"line":19,"column":4},"end":{"line":19,"column":41}},"9":{"start":{"line":20,"column":4},"end":{"line":20,"column":36}},"10":{"start":{"line":21,"column":4},"end":{"line":26,"column":5}},"11":{"start":{"line":23,"column":6},"end":{"line":23,"column":24}},"12":{"start":{"line":24,"column":11},"end":{"line":26,"column":5}},"13":{"start":{"line":25,"column":6},"end":{"line":25,"column":53}}},"branchMap":{"1":{"line":17,"type":"if","locations":[{"start":{"line":17,"column":2},"end":{"line":17,"column":2}},{"start":{"line":17,"column":2},"end":{"line":17,"column":2}}]},"2":{"line":21,"type":"if","locations":[{"start":{"line":21,"column":4},"end":{"line":21,"column":4}},{"start":{"line":21,"column":4},"end":{"line":21,"column":4}}]},"3":{"line":21,"type":"binary-expr","locations":[{"start":{"line":21,"column":9},"end":{"line":21,"column":22}},{"start":{"line":21,"column":27},"end":{"line":21,"column":41}},{"start":{"line":22,"column":10},"end":{"line":22,"column":40}},{"start":{"line":22,"column":46},"end":{"line":22,"column":68}}]},"4":{"line":24,"type":"if","locations":[{"start":{"line":24,"column":11},"end":{"line":24,"column":11}},{"start":{"line":24,"column":11},"end":{"line":24,"column":11}}]},"5":{"line":24,"type":"binary-expr","locations":[{"start":{"line":24,"column":15},"end":{"line":24,"column":33}},{"start":{"line":24,"column":37},"end":{"line":24,"column":56}},{"start":{"line":24,"column":60},"end":{"line":24,"column":82}}]}}},"/home/bax/Code/projects/codetitlan/codetitlan-blog/server/models/user.js":{"path":"/home/bax/Code/projects/codetitlan/codetitlan-blog/server/models/user.js","s":{"1":1,"2":1,"3":2,"4":1,"5":1,"6":1,"7":1,"8":1,"9":3,"10":1,"11":3,"12":0,"13":3,"14":1,"15":0,"16":0,"17":0,"18":0,"19":1,"20":1,"21":0,"22":1,"23":1,"24":1},"b":{"1":[2,2,2,2],"2":[0,3],"3":[3,2,2,1],"4":[0,0],"5":[0,1],"6":[1,1]},"f":{"1":2,"2":1,"3":3,"4":3,"5":0,"6":0,"7":0,"8":1,"9":1},"fnMap":{"1":{"name":"(anonymous_1)","line":13,"loc":{"start":{"line":13,"column":25},"end":{"line":13,"column":41}}},"2":{"name":"(anonymous_2)","line":59,"loc":{"start":{"line":59,"column":35},"end":{"line":59,"column":54}}},"3":{"name":"(anonymous_3)","line":63,"loc":{"start":{"line":63,"column":7},"end":{"line":63,"column":18}}},"4":{"name":"(anonymous_4)","line":70,"loc":{"start":{"line":70,"column":23},"end":{"line":70,"column":38}}},"5":{"name":"(anonymous_5)","line":89,"loc":{"start":{"line":89,"column":11},"end":{"line":89,"column":26}}},"6":{"name":"(anonymous_6)","line":100,"loc":{"start":{"line":100,"column":11},"end":{"line":100,"column":22}}},"7":{"name":"(anonymous_7)","line":111,"loc":{"start":{"line":111,"column":16},"end":{"line":111,"column":36}}},"8":{"name":"(anonymous_8)","line":121,"loc":{"start":{"line":121,"column":12},"end":{"line":121,"column":23}}},"9":{"name":"(anonymous_9)","line":132,"loc":{"start":{"line":132,"column":16},"end":{"line":132,"column":35}}}},"statementMap":{"1":{"start":{"line":6,"column":0},"end":{"line":8,"column":29}},"2":{"start":{"line":13,"column":0},"end":{"line":16,"column":2}},"3":{"start":{"line":15,"column":2},"end":{"line":15,"column":81}},"4":{"start":{"line":21,"column":0},"end":{"line":54,"column":3}},"5":{"start":{"line":59,"column":0},"end":{"line":65,"column":3}},"6":{"start":{"line":60,"column":2},"end":{"line":60,"column":28}},"7":{"start":{"line":61,"column":2},"end":{"line":61,"column":30}},"8":{"start":{"line":62,"column":2},"end":{"line":62,"column":52}},"9":{"start":{"line":64,"column":2},"end":{"line":64,"column":24}},"10":{"start":{"line":70,"column":0},"end":{"line":75,"column":3}},"11":{"start":{"line":71,"column":2},"end":{"line":73,"column":3}},"12":{"start":{"line":72,"column":4},"end":{"line":72,"column":47}},"13":{"start":{"line":74,"column":2},"end":{"line":74,"column":9}},"14":{"start":{"line":80,"column":0},"end":{"line":137,"column":2}},"15":{"start":{"line":90,"column":4},"end":{"line":90,"column":27}},"16":{"start":{"line":91,"column":4},"end":{"line":91,"column":71}},"17":{"start":{"line":101,"column":4},"end":{"line":101,"column":46}},"18":{"start":{"line":112,"column":4},"end":{"line":112,"column":64}},"19":{"start":{"line":122,"column":4},"end":{"line":122,"column":53}},"20":{"start":{"line":133,"column":4},"end":{"line":133,"column":47}},"21":{"start":{"line":133,"column":35},"end":{"line":133,"column":45}},"22":{"start":{"line":134,"column":4},"end":{"line":134,"column":47}},"23":{"start":{"line":135,"column":4},"end":{"line":135,"column":75}},"24":{"start":{"line":139,"column":0},"end":{"line":139,"column":35}}},"branchMap":{"1":{"line":15,"type":"binary-expr","locations":[{"start":{"line":15,"column":10},"end":{"line":15,"column":23}},{"start":{"line":15,"column":27},"end":{"line":15,"column":52}},{"start":{"line":15,"column":58},"end":{"line":15,"column":63}},{"start":{"line":15,"column":67},"end":{"line":15,"column":79}}]},"2":{"line":71,"type":"if","locations":[{"start":{"line":71,"column":2},"end":{"line":71,"column":2}},{"start":{"line":71,"column":2},"end":{"line":71,"column":2}}]},"3":{"line":71,"type":"binary-expr","locations":[{"start":{"line":71,"column":6},"end":{"line":71,"column":16}},{"start":{"line":71,"column":20},"end":{"line":71,"column":45}},{"start":{"line":71,"column":49},"end":{"line":71,"column":62}},{"start":{"line":71,"column":66},"end":{"line":71,"column":87}}]},"4":{"line":91,"type":"binary-expr","locations":[{"start":{"line":91,"column":11},"end":{"line":91,"column":40}},{"start":{"line":91,"column":44},"end":{"line":91,"column":70}}]},"5":{"line":133,"type":"if","locations":[{"start":{"line":133,"column":4},"end":{"line":133,"column":4}},{"start":{"line":133,"column":4},"end":{"line":133,"column":4}}]},"6":{"line":133,"type":"binary-expr","locations":[{"start":{"line":133,"column":8},"end":{"line":133,"column":17}},{"start":{"line":133,"column":21},"end":{"line":133,"column":31}}]}}},"/home/bax/Code/projects/codetitlan/codetitlan-blog/server/config/passport.js":{"path":"/home/bax/Code/projects/codetitlan/codetitlan-blog/server/config/passport.js","s":{"1":1,"2":1,"3":1,"4":0,"5":1,"6":0,"7":0,"8":1,"9":0,"10":0,"11":0,"12":0,"13":0,"14":0,"15":0,"16":0},"b":{"1":[0,0],"2":[0,0],"3":[0,0]},"f":{"1":1,"2":0,"3":0,"4":0,"5":0,"6":0},"fnMap":{"1":{"name":"(anonymous_1)","line":21,"loc":{"start":{"line":21,"column":17},"end":{"line":21,"column":36}}},"2":{"name":"(anonymous_2)","line":24,"loc":{"start":{"line":24,"column":25},"end":{"line":24,"column":46}}},"3":{"name":"(anonymous_3)","line":30,"loc":{"start":{"line":30,"column":27},"end":{"line":30,"column":46}}},"4":{"name":"(anonymous_4)","line":33,"loc":{"start":{"line":33,"column":33},"end":{"line":33,"column":53}}},"5":{"name":"(anonymous_5)","line":43,"loc":{"start":{"line":43,"column":4},"end":{"line":43,"column":36}}},"6":{"name":"(anonymous_6)","line":44,"loc":{"start":{"line":44,"column":37},"end":{"line":44,"column":57}}}},"statementMap":{"1":{"start":{"line":9,"column":0},"end":{"line":19,"column":46}},"2":{"start":{"line":21,"column":0},"end":{"line":207,"column":2}},"3":{"start":{"line":24,"column":2},"end":{"line":26,"column":5}},"4":{"start":{"line":25,"column":4},"end":{"line":25,"column":24}},"5":{"start":{"line":30,"column":2},"end":{"line":36,"column":5}},"6":{"start":{"line":31,"column":4},"end":{"line":35,"column":7}},"7":{"start":{"line":34,"column":6},"end":{"line":34,"column":22}},"8":{"start":{"line":39,"column":2},"end":{"line":55,"column":5}},"9":{"start":{"line":44,"column":6},"end":{"line":53,"column":9}},"10":{"start":{"line":45,"column":8},"end":{"line":45,"column":38}},"11":{"start":{"line":45,"column":19},"end":{"line":45,"column":36}},"12":{"start":{"line":46,"column":8},"end":{"line":46,"column":77}},"13":{"start":{"line":46,"column":21},"end":{"line":46,"column":75}},"14":{"start":{"line":47,"column":8},"end":{"line":51,"column":9}},"15":{"start":{"line":48,"column":10},"end":{"line":50,"column":13}},"16":{"start":{"line":52,"column":8},"end":{"line":52,"column":32}}},"branchMap":{"1":{"line":45,"type":"if","locations":[{"start":{"line":45,"column":8},"end":{"line":45,"column":8}},{"start":{"line":45,"column":8},"end":{"line":45,"column":8}}]},"2":{"line":46,"type":"if","locations":[{"start":{"line":46,"column":8},"end":{"line":46,"column":8}},{"start":{"line":46,"column":8},"end":{"line":46,"column":8}}]},"3":{"line":47,"type":"if","locations":[{"start":{"line":47,"column":8},"end":{"line":47,"column":8}},{"start":{"line":47,"column":8},"end":{"line":47,"column":8}}]}}},"/home/bax/Code/projects/codetitlan/codetitlan-blog/server/config/express.js":{"path":"/home/bax/Code/projects/codetitlan/codetitlan-blog/server/config/express.js","s":{"1":1,"2":1,"3":1,"4":1,"5":0,"6":0,"7":0,"8":0,"9":0,"10":1,"11":0,"12":0,"13":0,"14":0,"15":1,"16":1,"17":1,"18":0,"19":0,"20":0,"21":0,"22":0,"23":1,"24":1,"25":1,"26":1,"27":1,"28":1,"29":1,"30":1,"31":1,"32":1,"33":1,"34":1,"35":1,"36":1,"37":1,"38":1,"39":1,"40":3,"41":1,"42":1,"43":0,"44":0,"45":0,"46":0,"47":1,"48":0,"49":1,"50":0},"b":{"1":[0,1],"2":[0,1],"3":[1,0],"4":[0,0],"5":[0,0],"6":[0,1]},"f":{"1":1,"2":0,"3":1,"4":1,"5":3,"6":0,"7":0},"fnMap":{"1":{"name":"(anonymous_1)","line":27,"loc":{"start":{"line":27,"column":17},"end":{"line":27,"column":40}}},"2":{"name":"noCache","line":49,"loc":{"start":{"line":49,"column":12},"end":{"line":49,"column":45}}},"3":{"name":"(anonymous_3)","line":77,"loc":{"start":{"line":77,"column":7},"end":{"line":77,"column":17}}},"4":{"name":"bootstrapRoutes","line":102,"loc":{"start":{"line":102,"column":2},"end":{"line":102,"column":29}}},"5":{"name":"(anonymous_5)","line":106,"loc":{"start":{"line":106,"column":59},"end":{"line":106,"column":74}}},"6":{"name":"(anonymous_6)","line":120,"loc":{"start":{"line":120,"column":10},"end":{"line":120,"column":40}}},"7":{"name":"(anonymous_7)","line":131,"loc":{"start":{"line":131,"column":10},"end":{"line":131,"column":29}}}},"statementMap":{"1":{"start":{"line":9,"column":0},"end":{"line":25,"column":42}},"2":{"start":{"line":27,"column":0},"end":{"line":142,"column":2}},"3":{"start":{"line":30,"column":2},"end":{"line":30,"column":27}},"4":{"start":{"line":34,"column":2},"end":{"line":40,"column":3}},"5":{"start":{"line":35,"column":4},"end":{"line":35,"column":36}},"6":{"start":{"line":36,"column":4},"end":{"line":36,"column":27}},"7":{"start":{"line":37,"column":4},"end":{"line":37,"column":52}},"8":{"start":{"line":38,"column":4},"end":{"line":38,"column":59}},"9":{"start":{"line":39,"column":4},"end":{"line":39,"column":45}},"10":{"start":{"line":41,"column":2},"end":{"line":46,"column":3}},"11":{"start":{"line":42,"column":4},"end":{"line":42,"column":52}},"12":{"start":{"line":43,"column":4},"end":{"line":43,"column":36}},"13":{"start":{"line":44,"column":4},"end":{"line":44,"column":62}},"14":{"start":{"line":45,"column":4},"end":{"line":45,"column":59}},"15":{"start":{"line":47,"column":2},"end":{"line":58,"column":3}},"16":{"start":{"line":48,"column":4},"end":{"line":48,"column":52}},"17":{"start":{"line":49,"column":4},"end":{"line":56,"column":7}},"18":{"start":{"line":50,"column":6},"end":{"line":54,"column":7}},"19":{"start":{"line":51,"column":8},"end":{"line":51,"column":75}},"20":{"start":{"line":52,"column":8},"end":{"line":52,"column":41}},"21":{"start":{"line":53,"column":8},"end":{"line":53,"column":33}},"22":{"start":{"line":55,"column":6},"end":{"line":55,"column":13}},"23":{"start":{"line":57,"column":4},"end":{"line":57,"column":59}},"24":{"start":{"line":61,"column":2},"end":{"line":61,"column":58}},"25":{"start":{"line":62,"column":2},"end":{"line":62,"column":33}},"26":{"start":{"line":65,"column":2},"end":{"line":65,"column":31}},"27":{"start":{"line":66,"column":2},"end":{"line":66,"column":26}},"28":{"start":{"line":67,"column":2},"end":{"line":67,"column":29}},"29":{"start":{"line":68,"column":2},"end":{"line":68,"column":53}},"30":{"start":{"line":69,"column":2},"end":{"line":69,"column":30}},"31":{"start":{"line":70,"column":2},"end":{"line":70,"column":28}},"32":{"start":{"line":73,"column":2},"end":{"line":86,"column":6}},"33":{"start":{"line":78,"column":6},"end":{"line":78,"column":43}},"34":{"start":{"line":87,"column":2},"end":{"line":87,"column":36}},"35":{"start":{"line":90,"column":2},"end":{"line":90,"column":33}},"36":{"start":{"line":91,"column":2},"end":{"line":91,"column":30}},"37":{"start":{"line":94,"column":2},"end":{"line":94,"column":19}},"38":{"start":{"line":102,"column":2},"end":{"line":109,"column":3}},"39":{"start":{"line":106,"column":4},"end":{"line":108,"column":7}},"40":{"start":{"line":107,"column":6},"end":{"line":107,"column":35}},"41":{"start":{"line":111,"column":2},"end":{"line":111,"column":20}},"42":{"start":{"line":120,"column":2},"end":{"line":129,"column":5}},"43":{"start":{"line":122,"column":6},"end":{"line":122,"column":63}},"44":{"start":{"line":122,"column":47},"end":{"line":122,"column":61}},"45":{"start":{"line":124,"column":6},"end":{"line":124,"column":31}},"46":{"start":{"line":126,"column":6},"end":{"line":128,"column":9}},"47":{"start":{"line":131,"column":2},"end":{"line":136,"column":5}},"48":{"start":{"line":132,"column":6},"end":{"line":135,"column":9}},"49":{"start":{"line":139,"column":2},"end":{"line":141,"column":3}},"50":{"start":{"line":140,"column":4},"end":{"line":140,"column":28}}},"branchMap":{"1":{"line":34,"type":"if","locations":[{"start":{"line":34,"column":2},"end":{"line":34,"column":2}},{"start":{"line":34,"column":2},"end":{"line":34,"column":2}}]},"2":{"line":41,"type":"if","locations":[{"start":{"line":41,"column":2},"end":{"line":41,"column":2}},{"start":{"line":41,"column":2},"end":{"line":41,"column":2}}]},"3":{"line":47,"type":"if","locations":[{"start":{"line":47,"column":2},"end":{"line":47,"column":2}},{"start":{"line":47,"column":2},"end":{"line":47,"column":2}}]},"4":{"line":50,"type":"if","locations":[{"start":{"line":50,"column":6},"end":{"line":50,"column":6}},{"start":{"line":50,"column":6},"end":{"line":50,"column":6}}]},"5":{"line":122,"type":"if","locations":[{"start":{"line":122,"column":6},"end":{"line":122,"column":6}},{"start":{"line":122,"column":6},"end":{"line":122,"column":6}}]},"6":{"line":139,"type":"if","locations":[{"start":{"line":139,"column":2},"end":{"line":139,"column":2}},{"start":{"line":139,"column":2},"end":{"line":139,"column":2}}]}}},"/home/bax/Code/projects/codetitlan/codetitlan-blog/server/routes/index.js":{"path":"/home/bax/Code/projects/codetitlan/codetitlan-blog/server/routes/index.js","s":{"1":1,"2":1,"3":1},"b":{},"f":{"1":1},"fnMap":{"1":{"name":"(anonymous_1)","line":3,"loc":{"start":{"line":3,"column":17},"end":{"line":3,"column":31}}}},"statementMap":{"1":{"start":{"line":3,"column":0},"end":{"line":13,"column":2}},"2":{"start":{"line":7,"column":2},"end":{"line":7,"column":46}},"3":{"start":{"line":9,"column":2},"end":{"line":11,"column":25}}},"branchMap":{}},"/home/bax/Code/projects/codetitlan/codetitlan-blog/server/controllers/index.js":{"path":"/home/bax/Code/projects/codetitlan/codetitlan-blog/server/controllers/index.js","s":{"1":1,"2":0,"3":0},"b":{"1":[0,0]},"f":{"1":0},"fnMap":{"1":{"name":"(anonymous_1)","line":3,"loc":{"start":{"line":3,"column":17},"end":{"line":3,"column":36}}}},"statementMap":{"1":{"start":{"line":3,"column":0},"end":{"line":20,"column":2}},"2":{"start":{"line":5,"column":2},"end":{"line":10,"column":9}},"3":{"start":{"line":15,"column":2},"end":{"line":18,"column":5}}},"branchMap":{"1":{"line":5,"type":"cond-expr","locations":[{"start":{"line":5,"column":31},"end":{"line":10,"column":3}},{"start":{"line":10,"column":6},"end":{"line":10,"column":8}}]}}},"/home/bax/Code/projects/codetitlan/codetitlan-blog/server/routes/sandbox.js":{"path":"/home/bax/Code/projects/codetitlan/codetitlan-blog/server/routes/sandbox.js","s":{"1":1,"2":1,"3":1},"b":{},"f":{"1":1},"fnMap":{"1":{"name":"(anonymous_1)","line":11,"loc":{"start":{"line":11,"column":17},"end":{"line":11,"column":31}}}},"statementMap":{"1":{"start":{"line":5,"column":0},"end":{"line":5,"column":48}},"2":{"start":{"line":11,"column":0},"end":{"line":16,"column":2}},"3":{"start":{"line":13,"column":2},"end":{"line":14,"column":26}}},"branchMap":{}},"/home/bax/Code/projects/codetitlan/codetitlan-blog/server/controllers/sandbox.js":{"path":"/home/bax/Code/projects/codetitlan/codetitlan-blog/server/controllers/sandbox.js","s":{"1":1,"2":0,"3":0,"4":1,"5":0,"6":0,"7":0,"8":0},"b":{"1":[0,0]},"f":{"1":0,"2":0,"3":0},"fnMap":{"1":{"name":"(anonymous_1)","line":16,"loc":{"start":{"line":16,"column":10},"end":{"line":16,"column":20}}},"2":{"name":"(anonymous_2)","line":17,"loc":{"start":{"line":17,"column":11},"end":{"line":17,"column":27}}},"3":{"name":"(anonymous_3)","line":33,"loc":{"start":{"line":33,"column":16},"end":{"line":33,"column":35}}}},"statementMap":{"1":{"start":{"line":4,"column":0},"end":{"line":28,"column":2}},"2":{"start":{"line":17,"column":4},"end":{"line":19,"column":6}},"3":{"start":{"line":18,"column":6},"end":{"line":18,"column":32}},"4":{"start":{"line":33,"column":0},"end":{"line":60,"column":2}},"5":{"start":{"line":35,"column":2},"end":{"line":39,"column":4}},"6":{"start":{"line":40,"column":2},"end":{"line":45,"column":9}},"7":{"start":{"line":46,"column":2},"end":{"line":46,"column":25}},"8":{"start":{"line":50,"column":2},"end":{"line":59,"column":5}}},"branchMap":{"1":{"line":40,"type":"cond-expr","locations":[{"start":{"line":40,"column":28},"end":{"line":45,"column":3}},{"start":{"line":45,"column":6},"end":{"line":45,"column":8}}]}}},"/home/bax/Code/projects/codetitlan/codetitlan-blog/server/routes/users.js":{"path":"/home/bax/Code/projects/codetitlan/codetitlan-blog/server/routes/users.js","s":{"1":1,"2":1,"3":1,"4":1,"5":1,"6":1,"7":1,"8":0,"9":1,"10":0},"b":{"1":[0,0],"2":[0,0]},"f":{"1":1,"2":0,"3":0},"fnMap":{"1":{"name":"(anonymous_1)","line":10,"loc":{"start":{"line":10,"column":17},"end":{"line":10,"column":41}}},"2":{"name":"(anonymous_2)","line":26,"loc":{"start":{"line":26,"column":9},"end":{"line":26,"column":28}}},"3":{"name":"(anonymous_3)","line":34,"loc":{"start":{"line":34,"column":8},"end":{"line":34,"column":27}}}},"statementMap":{"1":{"start":{"line":8,"column":0},"end":{"line":8,"column":44}},"2":{"start":{"line":10,"column":0},"end":{"line":106,"column":2}},"3":{"start":{"line":12,"column":2},"end":{"line":13,"column":24}},"4":{"start":{"line":14,"column":2},"end":{"line":15,"column":19}},"5":{"start":{"line":18,"column":2},"end":{"line":19,"column":24}},"6":{"start":{"line":22,"column":2},"end":{"line":22,"column":34}},"7":{"start":{"line":25,"column":2},"end":{"line":28,"column":7}},"8":{"start":{"line":27,"column":6},"end":{"line":27,"column":55}},"9":{"start":{"line":31,"column":2},"end":{"line":39,"column":7}},"10":{"start":{"line":35,"column":6},"end":{"line":38,"column":9}}},"branchMap":{"1":{"line":27,"type":"cond-expr","locations":[{"start":{"line":27,"column":39},"end":{"line":27,"column":47}},{"start":{"line":27,"column":50},"end":{"line":27,"column":53}}]},"2":{"line":37,"type":"cond-expr","locations":[{"start":{"line":37,"column":61},"end":{"line":37,"column":79}},{"start":{"line":37,"column":82},"end":{"line":37,"column":87}}]}}},"/home/bax/Code/projects/codetitlan/codetitlan-blog/server/controllers/users.js":{"path":"/home/bax/Code/projects/codetitlan/codetitlan-blog/server/controllers/users.js","s":{"1":1,"2":1,"3":0,"4":1,"5":0,"6":0,"7":0,"8":1,"9":0,"10":0,"11":1,"12":0,"13":1,"14":0,"15":0,"16":0,"17":0,"18":0,"19":0,"20":0,"21":0,"22":0,"23":0,"24":0,"25":0,"26":0,"27":0,"28":0,"29":0,"30":0,"31":0,"32":0,"33":0,"34":0,"35":0,"36":0,"37":1,"38":0,"39":1,"40":0,"41":0,"42":0,"43":0,"44":0,"45":0,"46":0},"b":{"1":[0,0],"2":[0,0],"3":[0,0],"4":[0,0,0],"5":[0,0],"6":[0,0],"7":[0,0],"8":[0,0]},"f":{"1":0,"2":0,"3":0,"4":0,"5":0,"6":0,"7":0,"8":0,"9":0,"10":0},"fnMap":{"1":{"name":"(anonymous_1)","line":12,"loc":{"start":{"line":12,"column":23},"end":{"line":12,"column":42}}},"2":{"name":"(anonymous_2)","line":20,"loc":{"start":{"line":20,"column":17},"end":{"line":20,"column":36}}},"3":{"name":"(anonymous_3)","line":30,"loc":{"start":{"line":30,"column":18},"end":{"line":30,"column":37}}},"4":{"name":"(anonymous_4)","line":38,"loc":{"start":{"line":38,"column":18},"end":{"line":38,"column":37}}},"5":{"name":"(anonymous_5)","line":45,"loc":{"start":{"line":45,"column":17},"end":{"line":45,"column":42}}},"6":{"name":"(anonymous_6)","line":65,"loc":{"start":{"line":65,"column":14},"end":{"line":65,"column":28}}},"7":{"name":"(anonymous_7)","line":78,"loc":{"start":{"line":78,"column":24},"end":{"line":78,"column":38}}},"8":{"name":"(anonymous_8)","line":88,"loc":{"start":{"line":88,"column":13},"end":{"line":88,"column":32}}},"9":{"name":"(anonymous_9)","line":95,"loc":{"start":{"line":95,"column":15},"end":{"line":95,"column":44}}},"10":{"name":"(anonymous_10)","line":100,"loc":{"start":{"line":100,"column":14},"end":{"line":100,"column":34}}}},"statementMap":{"1":{"start":{"line":6,"column":0},"end":{"line":7,"column":34}},"2":{"start":{"line":12,"column":0},"end":{"line":14,"column":2}},"3":{"start":{"line":13,"column":4},"end":{"line":13,"column":22}},"4":{"start":{"line":20,"column":0},"end":{"line":25,"column":2}},"5":{"start":{"line":21,"column":4},"end":{"line":23,"column":5}},"6":{"start":{"line":22,"column":8},"end":{"line":22,"column":33}},"7":{"start":{"line":24,"column":4},"end":{"line":24,"column":35}},"8":{"start":{"line":30,"column":0},"end":{"line":33,"column":2}},"9":{"start":{"line":31,"column":4},"end":{"line":31,"column":17}},"10":{"start":{"line":32,"column":4},"end":{"line":32,"column":22}},"11":{"start":{"line":38,"column":0},"end":{"line":40,"column":2}},"12":{"start":{"line":39,"column":4},"end":{"line":39,"column":22}},"13":{"start":{"line":45,"column":0},"end":{"line":84,"column":2}},"14":{"start":{"line":46,"column":4},"end":{"line":46,"column":34}},"15":{"start":{"line":48,"column":4},"end":{"line":48,"column":28}},"16":{"start":{"line":51,"column":4},"end":{"line":51,"column":59}},"17":{"start":{"line":52,"column":4},"end":{"line":52,"column":74}},"18":{"start":{"line":53,"column":4},"end":{"line":53,"column":87}},"19":{"start":{"line":55,"column":4},"end":{"line":55,"column":83}},"20":{"start":{"line":56,"column":4},"end":{"line":56,"column":86}},"21":{"start":{"line":58,"column":4},"end":{"line":58,"column":40}},"22":{"start":{"line":59,"column":4},"end":{"line":61,"column":5}},"23":{"start":{"line":60,"column":8},"end":{"line":60,"column":44}},"24":{"start":{"line":64,"column":4},"end":{"line":64,"column":35}},"25":{"start":{"line":65,"column":4},"end":{"line":83,"column":7}},"26":{"start":{"line":66,"column":8},"end":{"line":77,"column":9}},"27":{"start":{"line":67,"column":12},"end":{"line":74,"column":13}},"28":{"start":{"line":70,"column":20},"end":{"line":70,"column":67}},"29":{"start":{"line":71,"column":20},"end":{"line":71,"column":26}},"30":{"start":{"line":73,"column":20},"end":{"line":73,"column":80}},"31":{"start":{"line":76,"column":12},"end":{"line":76,"column":35}},"32":{"start":{"line":78,"column":8},"end":{"line":81,"column":11}},"33":{"start":{"line":79,"column":12},"end":{"line":79,"column":42}},"34":{"start":{"line":79,"column":23},"end":{"line":79,"column":40}},"35":{"start":{"line":80,"column":12},"end":{"line":80,"column":37}},"36":{"start":{"line":82,"column":8},"end":{"line":82,"column":24}},"37":{"start":{"line":88,"column":0},"end":{"line":90,"column":2}},"38":{"start":{"line":89,"column":4},"end":{"line":89,"column":32}},"39":{"start":{"line":95,"column":0},"end":{"line":106,"column":2}},"40":{"start":{"line":96,"column":4},"end":{"line":105,"column":11}},"41":{"start":{"line":101,"column":12},"end":{"line":101,"column":42}},"42":{"start":{"line":101,"column":23},"end":{"line":101,"column":40}},"43":{"start":{"line":102,"column":12},"end":{"line":102,"column":79}},"44":{"start":{"line":102,"column":25},"end":{"line":102,"column":77}},"45":{"start":{"line":103,"column":12},"end":{"line":103,"column":31}},"46":{"start":{"line":104,"column":12},"end":{"line":104,"column":19}}},"branchMap":{"1":{"line":21,"type":"if","locations":[{"start":{"line":21,"column":4},"end":{"line":21,"column":4}},{"start":{"line":21,"column":4},"end":{"line":21,"column":4}}]},"2":{"line":59,"type":"if","locations":[{"start":{"line":59,"column":4},"end":{"line":59,"column":4}},{"start":{"line":59,"column":4},"end":{"line":59,"column":4}}]},"3":{"line":66,"type":"if","locations":[{"start":{"line":66,"column":8},"end":{"line":66,"column":8}},{"start":{"line":66,"column":8},"end":{"line":66,"column":8}}]},"4":{"line":67,"type":"switch","locations":[{"start":{"line":68,"column":16},"end":{"line":68,"column":27}},{"start":{"line":69,"column":16},"end":{"line":71,"column":26}},{"start":{"line":72,"column":16},"end":{"line":73,"column":80}}]},"5":{"line":79,"type":"if","locations":[{"start":{"line":79,"column":12},"end":{"line":79,"column":12}},{"start":{"line":79,"column":12},"end":{"line":79,"column":12}}]},"6":{"line":89,"type":"binary-expr","locations":[{"start":{"line":89,"column":14},"end":{"line":89,"column":22}},{"start":{"line":89,"column":26},"end":{"line":89,"column":30}}]},"7":{"line":101,"type":"if","locations":[{"start":{"line":101,"column":12},"end":{"line":101,"column":12}},{"start":{"line":101,"column":12},"end":{"line":101,"column":12}}]},"8":{"line":102,"type":"if","locations":[{"start":{"line":102,"column":12},"end":{"line":102,"column":12}},{"start":{"line":102,"column":12},"end":{"line":102,"column":12}}]}}}}