TN:
SF:/home/bax/Code/projects/codetitlan/codetitlan-blog/server.js
FN:38,(anonymous_1)
FN:39,(anonymous_2)
FNF:2
FNH:2
FNDA:1,(anonymous_1)
FNDA:1,(anonymous_2)
DA:9,1
DA:13,1
DA:17,1
DA:21,1
DA:22,1
DA:23,1
DA:27,1
DA:32,1
DA:33,0
DA:38,1
DA:39,1
DA:40,1
DA:51,1
LF:13
LH:12
BRDA:13,1,0,1
BRDA:13,1,1,0
BRDA:32,2,0,0
BRDA:32,2,1,1
BRF:4
BRH:2
end_of_record
TN:
SF:/home/bax/Code/projects/codetitlan/codetitlan-blog/server/config/config.js
FNF:0
FNH:0
DA:11,1
DA:17,1
LF:2
LH:2
BRDA:19,1,0,1
BRDA:19,1,1,0
BRF:2
BRH:1
end_of_record
TN:
SF:/home/bax/Code/projects/codetitlan/codetitlan-blog/server/config/env/all.js
FNF:0
FNH:0
DA:11,1
LF:1
LH:1
BRF:0
BRH:0
end_of_record
TN:
SF:/home/bax/Code/projects/codetitlan/codetitlan-blog/server/config/env/test.js
FNF:0
FNH:0
DA:6,1
LF:1
LH:1
BRDA:12,1,0,1
BRDA:12,1,1,1
BRDA:13,2,0,1
BRDA:13,2,1,1
BRDA:14,3,0,1
BRDA:14,3,1,1
BRF:6
BRH:6
end_of_record
TN:
SF:/home/bax/Code/projects/codetitlan/codetitlan-blog/server/config/bootstrap.js
FN:14,(anonymous_1)
FN:18,bootstrapModels
FN:19,(anonymous_3)
FNF:3
FNH:3
FNDA:1,(anonymous_1)
FNDA:1,bootstrapModels
FNDA:1,(anonymous_3)
DA:9,1
DA:14,1
DA:18,1
DA:19,1
DA:20,1
DA:24,1
DA:28,1
DA:32,1
DA:33,1
DA:37,1
LF:10
LH:10
BRF:0
BRH:0
end_of_record
TN:
SF:/home/bax/Code/projects/codetitlan/codetitlan-blog/server/config/utils.js
FN:14,(anonymous_1)
FN:18,(anonymous_2)
FNF:2
FNH:2
FNDA:4,(anonymous_1)
FNDA:15,(anonymous_2)
DA:9,1
DA:14,1
DA:15,4
DA:16,4
DA:17,4
DA:18,4
DA:19,15
DA:20,15
DA:21,15
DA:23,4
DA:24,11
DA:25,2
LF:12
LH:12
BRDA:17,1,0,0
BRDA:17,1,1,4
BRDA:21,2,0,4
BRDA:21,2,1,11
BRDA:21,3,0,15
BRDA:21,3,1,4
BRDA:21,3,2,4
BRDA:21,3,3,4
BRDA:24,4,0,2
BRDA:24,4,1,9
BRDA:24,5,0,11
BRDA:24,5,1,11
BRDA:24,5,2,10
BRF:13
BRH:12
end_of_record
TN:
SF:/home/bax/Code/projects/codetitlan/codetitlan-blog/server/models/user.js
FN:13,(anonymous_1)
FN:59,(anonymous_2)
FN:63,(anonymous_3)
FN:70,(anonymous_4)
FN:89,(anonymous_5)
FN:100,(anonymous_6)
FN:111,(anonymous_7)
FN:121,(anonymous_8)
FN:132,(anonymous_9)
FNF:9
FNH:6
FNDA:2,(anonymous_1)
FNDA:1,(anonymous_2)
FNDA:3,(anonymous_3)
FNDA:3,(anonymous_4)
FNDA:0,(anonymous_5)
FNDA:0,(anonymous_6)
FNDA:0,(anonymous_7)
FNDA:1,(anonymous_8)
FNDA:1,(anonymous_9)
DA:6,1
DA:13,1
DA:15,2
DA:21,1
DA:59,1
DA:60,1
DA:61,1
DA:62,1
DA:64,3
DA:70,1
DA:71,3
DA:72,0
DA:74,3
DA:80,1
DA:90,0
DA:91,0
DA:101,0
DA:112,0
DA:122,1
DA:133,1
DA:134,1
DA:135,1
DA:139,1
LF:23
LH:18
BRDA:15,1,0,2
BRDA:15,1,1,2
BRDA:15,1,2,2
BRDA:15,1,3,2
BRDA:71,2,0,0
BRDA:71,2,1,3
BRDA:71,3,0,3
BRDA:71,3,1,2
BRDA:71,3,2,2
BRDA:71,3,3,1
BRDA:91,4,0,0
BRDA:91,4,1,0
BRDA:133,5,0,0
BRDA:133,5,1,1
BRDA:133,6,0,1
BRDA:133,6,1,1
BRF:16
BRH:12
end_of_record
TN:
SF:/home/bax/Code/projects/codetitlan/codetitlan-blog/server/config/passport.js
FN:21,(anonymous_1)
FN:24,(anonymous_2)
FN:30,(anonymous_3)
FN:33,(anonymous_4)
FN:43,(anonymous_5)
FN:44,(anonymous_6)
FNF:6
FNH:1
FNDA:1,(anonymous_1)
FNDA:0,(anonymous_2)
FNDA:0,(anonymous_3)
FNDA:0,(anonymous_4)
FNDA:0,(anonymous_5)
FNDA:0,(anonymous_6)
DA:9,1
DA:21,1
DA:24,1
DA:25,0
DA:30,1
DA:31,0
DA:34,0
DA:39,1
DA:44,0
DA:45,0
DA:46,0
DA:47,0
DA:48,0
DA:52,0
LF:14
LH:5
BRDA:45,1,0,0
BRDA:45,1,1,0
BRDA:46,2,0,0
BRDA:46,2,1,0
BRDA:47,3,0,0
BRDA:47,3,1,0
BRF:6
BRH:0
end_of_record
TN:
SF:/home/bax/Code/projects/codetitlan/codetitlan-blog/server/config/express.js
FN:27,(anonymous_1)
FN:49,noCache
FN:77,(anonymous_3)
FN:102,bootstrapRoutes
FN:106,(anonymous_5)
FN:120,(anonymous_6)
FN:131,(anonymous_7)
FNF:7
FNH:4
FNDA:1,(anonymous_1)
FNDA:0,noCache
FNDA:1,(anonymous_3)
FNDA:1,bootstrapRoutes
FNDA:3,(anonymous_5)
FNDA:0,(anonymous_6)
FNDA:0,(anonymous_7)
DA:9,1
DA:27,1
DA:30,1
DA:34,1
DA:35,0
DA:36,0
DA:37,0
DA:38,0
DA:39,0
DA:41,1
DA:42,0
DA:43,0
DA:44,0
DA:45,0
DA:47,1
DA:48,1
DA:49,1
DA:50,0
DA:51,0
DA:52,0
DA:53,0
DA:55,0
DA:57,1
DA:61,1
DA:62,1
DA:65,1
DA:66,1
DA:67,1
DA:68,1
DA:69,1
DA:70,1
DA:73,1
DA:78,1
DA:87,1
DA:90,1
DA:91,1
DA:94,1
DA:102,1
DA:106,1
DA:107,3
DA:111,1
DA:120,1
DA:122,0
DA:124,0
DA:126,0
DA:131,1
DA:132,0
DA:139,1
DA:140,0
LF:49
LH:30
BRDA:34,1,0,0
BRDA:34,1,1,1
BRDA:41,2,0,0
BRDA:41,2,1,1
BRDA:47,3,0,1
BRDA:47,3,1,0
BRDA:50,4,0,0
BRDA:50,4,1,0
BRDA:122,5,0,0
BRDA:122,5,1,0
BRDA:139,6,0,0
BRDA:139,6,1,1
BRF:12
BRH:4
end_of_record
TN:
SF:/home/bax/Code/projects/codetitlan/codetitlan-blog/server/routes/index.js
FN:3,(anonymous_1)
FNF:1
FNH:1
FNDA:1,(anonymous_1)
DA:3,1
DA:7,1
DA:9,1
LF:3
LH:3
BRF:0
BRH:0
end_of_record
TN:
SF:/home/bax/Code/projects/codetitlan/codetitlan-blog/server/controllers/index.js
FN:3,(anonymous_1)
FNF:1
FNH:0
FNDA:0,(anonymous_1)
DA:3,1
DA:5,0
DA:15,0
LF:3
LH:1
BRDA:5,1,0,0
BRDA:5,1,1,0
BRF:2
BRH:0
end_of_record
TN:
SF:/home/bax/Code/projects/codetitlan/codetitlan-blog/server/routes/sandbox.js
FN:11,(anonymous_1)
FNF:1
FNH:1
FNDA:1,(anonymous_1)
DA:5,1
DA:11,1
DA:13,1
LF:3
LH:3
BRF:0
BRH:0
end_of_record
TN:
SF:/home/bax/Code/projects/codetitlan/codetitlan-blog/server/controllers/sandbox.js
FN:16,(anonymous_1)
FN:17,(anonymous_2)
FN:33,(anonymous_3)
FNF:3
FNH:0
FNDA:0,(anonymous_1)
FNDA:0,(anonymous_2)
FNDA:0,(anonymous_3)
DA:4,1
DA:17,0
DA:18,0
DA:33,1
DA:35,0
DA:40,0
DA:46,0
DA:50,0
LF:8
LH:2
BRDA:40,1,0,0
BRDA:40,1,1,0
BRF:2
BRH:0
end_of_record
TN:
SF:/home/bax/Code/projects/codetitlan/codetitlan-blog/server/routes/users.js
FN:10,(anonymous_1)
FN:26,(anonymous_2)
FN:34,(anonymous_3)
FNF:3
FNH:1
FNDA:1,(anonymous_1)
FNDA:0,(anonymous_2)
FNDA:0,(anonymous_3)
DA:8,1
DA:10,1
DA:12,1
DA:14,1
DA:18,1
DA:22,1
DA:25,1
DA:27,0
DA:31,1
DA:35,0
LF:10
LH:8
BRDA:27,1,0,0
BRDA:27,1,1,0
BRDA:37,2,0,0
BRDA:37,2,1,0
BRF:4
BRH:0
end_of_record
TN:
SF:/home/bax/Code/projects/codetitlan/codetitlan-blog/server/controllers/users.js
FN:12,(anonymous_1)
FN:20,(anonymous_2)
FN:30,(anonymous_3)
FN:38,(anonymous_4)
FN:45,(anonymous_5)
FN:65,(anonymous_6)
FN:78,(anonymous_7)
FN:88,(anonymous_8)
FN:95,(anonymous_9)
FN:100,(anonymous_10)
FNF:10
FNH:0
FNDA:0,(anonymous_1)
FNDA:0,(anonymous_2)
FNDA:0,(anonymous_3)
FNDA:0,(anonymous_4)
FNDA:0,(anonymous_5)
FNDA:0,(anonymous_6)
FNDA:0,(anonymous_7)
FNDA:0,(anonymous_8)
FNDA:0,(anonymous_9)
FNDA:0,(anonymous_10)
DA:6,1
DA:12,1
DA:13,0
DA:20,1
DA:21,0
DA:22,0
DA:24,0
DA:30,1
DA:31,0
DA:32,0
DA:38,1
DA:39,0
DA:45,1
DA:46,0
DA:48,0
DA:51,0
DA:52,0
DA:53,0
DA:55,0
DA:56,0
DA:58,0
DA:59,0
DA:60,0
DA:64,0
DA:65,0
DA:66,0
DA:67,0
DA:70,0
DA:71,0
DA:73,0
DA:76,0
DA:78,0
DA:79,0
DA:80,0
DA:82,0
DA:88,1
DA:89,0
DA:95,1
DA:96,0
DA:101,0
DA:102,0
DA:103,0
DA:104,0
LF:43
LH:8
BRDA:21,1,0,0
BRDA:21,1,1,0
BRDA:59,2,0,0
BRDA:59,2,1,0
BRDA:66,3,0,0
BRDA:66,3,1,0
BRDA:67,4,0,0
BRDA:67,4,1,0
BRDA:67,4,2,0
BRDA:79,5,0,0
BRDA:79,5,1,0
BRDA:89,6,0,0
BRDA:89,6,1,0
BRDA:101,7,0,0
BRDA:101,7,1,0
BRDA:102,8,0,0
BRDA:102,8,1,0
BRF:17
BRH:0
end_of_record
